mode: set
git.sr.ht/~jamesponddotco/bunnystorage-go/client.go:38.46,39.16 1 1
git.sr.ht/~jamesponddotco/bunnystorage-go/client.go:39.16,41.3 1 1
git.sr.ht/~jamesponddotco/bunnystorage-go/client.go:43.2,45.39 2 1
git.sr.ht/~jamesponddotco/bunnystorage-go/client.go:45.39,47.3 1 1
git.sr.ht/~jamesponddotco/bunnystorage-go/client.go:49.2,58.8 1 1
git.sr.ht/~jamesponddotco/bunnystorage-go/client.go:62.87,73.16 5 1
git.sr.ht/~jamesponddotco/bunnystorage-go/client.go:73.16,75.3 1 0
git.sr.ht/~jamesponddotco/bunnystorage-go/client.go:77.2,78.16 2 1
git.sr.ht/~jamesponddotco/bunnystorage-go/client.go:78.16,80.3 1 0
git.sr.ht/~jamesponddotco/bunnystorage-go/client.go:82.2,83.58 2 1
git.sr.ht/~jamesponddotco/bunnystorage-go/client.go:83.58,85.3 1 0
git.sr.ht/~jamesponddotco/bunnystorage-go/client.go:87.2,87.25 1 1
git.sr.ht/~jamesponddotco/bunnystorage-go/client.go:91.98,103.16 6 1
git.sr.ht/~jamesponddotco/bunnystorage-go/client.go:103.16,105.3 1 0
git.sr.ht/~jamesponddotco/bunnystorage-go/client.go:107.2,108.16 2 1
git.sr.ht/~jamesponddotco/bunnystorage-go/client.go:108.16,110.3 1 0
git.sr.ht/~jamesponddotco/bunnystorage-go/client.go:112.2,112.29 1 1
git.sr.ht/~jamesponddotco/bunnystorage-go/client.go:116.114,125.20 4 1
git.sr.ht/~jamesponddotco/bunnystorage-go/client.go:125.20,127.3 1 0
git.sr.ht/~jamesponddotco/bunnystorage-go/client.go:129.2,130.16 2 1
git.sr.ht/~jamesponddotco/bunnystorage-go/client.go:130.16,132.3 1 0
git.sr.ht/~jamesponddotco/bunnystorage-go/client.go:134.2,135.16 2 1
git.sr.ht/~jamesponddotco/bunnystorage-go/client.go:135.16,137.3 1 0
git.sr.ht/~jamesponddotco/bunnystorage-go/client.go:139.2,139.18 1 1
git.sr.ht/~jamesponddotco/bunnystorage-go/client.go:143.88,154.16 6 1
git.sr.ht/~jamesponddotco/bunnystorage-go/client.go:154.16,156.3 1 0
git.sr.ht/~jamesponddotco/bunnystorage-go/client.go:158.2,159.16 2 1
git.sr.ht/~jamesponddotco/bunnystorage-go/client.go:159.16,161.3 1 0
git.sr.ht/~jamesponddotco/bunnystorage-go/client.go:163.2,163.18 1 1
git.sr.ht/~jamesponddotco/bunnystorage-go/client.go:167.80,169.16 2 1
git.sr.ht/~jamesponddotco/bunnystorage-go/client.go:169.16,171.3 1 0
git.sr.ht/~jamesponddotco/bunnystorage-go/client.go:173.2,173.15 1 1
git.sr.ht/~jamesponddotco/bunnystorage-go/client.go:173.15,174.53 1 1
git.sr.ht/~jamesponddotco/bunnystorage-go/client.go:174.53,176.4 1 0
git.sr.ht/~jamesponddotco/bunnystorage-go/client.go:179.2,179.17 1 1
git.sr.ht/~jamesponddotco/bunnystorage-go/client.go:179.17,183.17 3 1
git.sr.ht/~jamesponddotco/bunnystorage-go/client.go:183.17,185.4 1 0
git.sr.ht/~jamesponddotco/bunnystorage-go/client.go:187.3,187.89 1 1
git.sr.ht/~jamesponddotco/bunnystorage-go/client.go:190.2,191.16 2 1
git.sr.ht/~jamesponddotco/bunnystorage-go/client.go:191.16,193.3 1 0
git.sr.ht/~jamesponddotco/bunnystorage-go/client.go:195.2,201.22 2 1
git.sr.ht/~jamesponddotco/bunnystorage-go/client.go:205.133,206.20 1 1
git.sr.ht/~jamesponddotco/bunnystorage-go/client.go:206.20,208.3 1 1
git.sr.ht/~jamesponddotco/bunnystorage-go/client.go:210.2,210.41 1 1
git.sr.ht/~jamesponddotco/bunnystorage-go/client.go:210.41,212.3 1 1
git.sr.ht/~jamesponddotco/bunnystorage-go/client.go:214.2,215.16 2 1
git.sr.ht/~jamesponddotco/bunnystorage-go/client.go:215.16,217.3 1 1
git.sr.ht/~jamesponddotco/bunnystorage-go/client.go:219.2,219.28 1 1
git.sr.ht/~jamesponddotco/bunnystorage-go/client.go:219.28,221.3 1 1
git.sr.ht/~jamesponddotco/bunnystorage-go/client.go:223.2,223.17 1 1
git.sr.ht/~jamesponddotco/bunnystorage-go/client.go:223.17,227.17 3 1
git.sr.ht/~jamesponddotco/bunnystorage-go/client.go:227.17,229.4 1 0
git.sr.ht/~jamesponddotco/bunnystorage-go/client.go:231.3,231.89 1 1
git.sr.ht/~jamesponddotco/bunnystorage-go/client.go:234.2,234.17 1 1
git.sr.ht/~jamesponddotco/bunnystorage-go/config.go:96.40,102.2 1 1
git.sr.ht/~jamesponddotco/bunnystorage-go/config.go:105.52,106.37 1 1
git.sr.ht/~jamesponddotco/bunnystorage-go/config.go:106.37,108.3 1 1
git.sr.ht/~jamesponddotco/bunnystorage-go/config.go:110.2,116.3 1 1
git.sr.ht/~jamesponddotco/bunnystorage-go/config.go:120.40,121.18 1 1
git.sr.ht/~jamesponddotco/bunnystorage-go/config.go:121.18,123.3 1 1
git.sr.ht/~jamesponddotco/bunnystorage-go/config.go:125.2,125.21 1 1
git.sr.ht/~jamesponddotco/bunnystorage-go/config.go:125.21,127.3 1 1
git.sr.ht/~jamesponddotco/bunnystorage-go/config.go:129.2,129.21 1 1
git.sr.ht/~jamesponddotco/bunnystorage-go/config.go:129.21,131.3 1 1
git.sr.ht/~jamesponddotco/bunnystorage-go/config.go:133.2,133.12 1 1
git.sr.ht/~jamesponddotco/bunnystorage-go/config.go:179.49,180.48 1 1
git.sr.ht/~jamesponddotco/bunnystorage-go/config.go:180.48,182.3 1 1
git.sr.ht/~jamesponddotco/bunnystorage-go/config.go:184.2,184.17 1 1
git.sr.ht/~jamesponddotco/bunnystorage-go/config.go:184.17,186.3 1 1
git.sr.ht/~jamesponddotco/bunnystorage-go/config.go:188.2,188.11 1 1
git.sr.ht/~jamesponddotco/bunnystorage-go/config.go:192.25,196.26 3 1
git.sr.ht/~jamesponddotco/bunnystorage-go/config.go:196.26,198.3 1 1
git.sr.ht/~jamesponddotco/bunnystorage-go/config.go:200.2,200.22 1 1
git.sr.ht/~jamesponddotco/bunnystorage-go/config.go:200.22,202.3 1 1
git.sr.ht/~jamesponddotco/bunnystorage-go/config.go:204.2,204.19 1 1
git.sr.ht/~jamesponddotco/bunnystorage-go/config.go:204.19,206.3 1 1
git.sr.ht/~jamesponddotco/bunnystorage-go/config.go:208.2,208.32 1 1
git.sr.ht/~jamesponddotco/bunnystorage-go/config.go:208.32,210.3 1 1
git.sr.ht/~jamesponddotco/bunnystorage-go/config.go:214.35,215.26 1 1
git.sr.ht/~jamesponddotco/bunnystorage-go/config.go:215.26,217.3 1 1
git.sr.ht/~jamesponddotco/bunnystorage-go/config.go:219.2,219.49 1 1
git.sr.ht/~jamesponddotco/bunnystorage-go/config.go:219.49,221.3 1 1
git.sr.ht/~jamesponddotco/bunnystorage-go/config.go:223.2,223.25 1 1
git.sr.ht/~jamesponddotco/bunnystorage-go/config.go:223.25,225.3 1 1
git.sr.ht/~jamesponddotco/bunnystorage-go/config.go:227.2,227.17 1 1
git.sr.ht/~jamesponddotco/bunnystorage-go/config.go:227.17,229.3 1 1
git.sr.ht/~jamesponddotco/bunnystorage-go/config.go:231.2,231.21 1 1
git.sr.ht/~jamesponddotco/bunnystorage-go/config.go:231.21,233.3 1 1
git.sr.ht/~jamesponddotco/bunnystorage-go/config.go:235.2,235.27 1 1
git.sr.ht/~jamesponddotco/bunnystorage-go/config.go:235.27,237.3 1 1
git.sr.ht/~jamesponddotco/bunnystorage-go/config.go:239.2,239.12 1 1
git.sr.ht/~jamesponddotco/bunnystorage-go/endpoint.go:24.31,26.16 2 1
git.sr.ht/~jamesponddotco/bunnystorage-go/endpoint.go:26.16,28.3 1 1
git.sr.ht/~jamesponddotco/bunnystorage-go/endpoint.go:30.2,30.18 1 1
git.sr.ht/~jamesponddotco/bunnystorage-go/endpoint.go:31.30,32.29 1 1
git.sr.ht/~jamesponddotco/bunnystorage-go/endpoint.go:33.33,34.25 1 1
git.sr.ht/~jamesponddotco/bunnystorage-go/endpoint.go:35.33,36.28 1 1
git.sr.ht/~jamesponddotco/bunnystorage-go/endpoint.go:37.33,38.27 1 1
git.sr.ht/~jamesponddotco/bunnystorage-go/endpoint.go:39.34,40.24 1 1
git.sr.ht/~jamesponddotco/bunnystorage-go/endpoint.go:41.33,42.24 1 1
git.sr.ht/~jamesponddotco/bunnystorage-go/endpoint.go:43.33,44.27 1 1
git.sr.ht/~jamesponddotco/bunnystorage-go/endpoint.go:45.33,46.26 1 1
git.sr.ht/~jamesponddotco/bunnystorage-go/endpoint.go:47.33,48.30 1 1
git.sr.ht/~jamesponddotco/bunnystorage-go/endpoint.go:49.25,50.27 1 1
git.sr.ht/~jamesponddotco/bunnystorage-go/endpoint.go:51.10,52.29 1 1
git.sr.ht/~jamesponddotco/bunnystorage-go/endpoint.go:57.35,58.11 1 1
git.sr.ht/~jamesponddotco/bunnystorage-go/endpoint.go:59.27,60.40 1 1
git.sr.ht/~jamesponddotco/bunnystorage-go/endpoint.go:61.23,62.43 1 1
git.sr.ht/~jamesponddotco/bunnystorage-go/endpoint.go:63.26,64.43 1 1
git.sr.ht/~jamesponddotco/bunnystorage-go/endpoint.go:65.25,66.43 1 1
git.sr.ht/~jamesponddotco/bunnystorage-go/endpoint.go:67.22,68.44 1 1
git.sr.ht/~jamesponddotco/bunnystorage-go/endpoint.go:69.22,70.43 1 1
git.sr.ht/~jamesponddotco/bunnystorage-go/endpoint.go:71.25,72.43 1 1
git.sr.ht/~jamesponddotco/bunnystorage-go/endpoint.go:73.24,74.43 1 1
git.sr.ht/~jamesponddotco/bunnystorage-go/endpoint.go:75.28,76.43 1 1
git.sr.ht/~jamesponddotco/bunnystorage-go/endpoint.go:77.25,78.34 1 1
git.sr.ht/~jamesponddotco/bunnystorage-go/endpoint.go:79.10,80.40 1 1
git.sr.ht/~jamesponddotco/bunnystorage-go/endpoint.go:85.34,86.11 1 1
git.sr.ht/~jamesponddotco/bunnystorage-go/endpoint.go:87.193,88.14 1 1
git.sr.ht/~jamesponddotco/bunnystorage-go/endpoint.go:89.10,90.15 1 1
git.sr.ht/~jamesponddotco/bunnystorage-go/util.go:11.49,13.46 2 1
git.sr.ht/~jamesponddotco/bunnystorage-go/util.go:13.46,15.3 1 1
git.sr.ht/~jamesponddotco/bunnystorage-go/util.go:17.2,22.21 2 1
